# JRE version: OpenJDK Runtime Environment (11.0.11+9) (build 11.0.11+9-Ubuntu-0ubuntu2.20.04)
# Java VM: OpenJDK 64-Bit Server VM (11.0.11+9-Ubuntu-0ubuntu2.20.04, mixed mode, sharing, tiered, compressed oops, g1 gc, linux-amd64)
Heap:
 garbage-first heap   total 123904K, used 36513K [0x00000000d1400000, 0x0000000100000000)
  region size 1024K, 1 young (1024K), 1 survivors (1024K)
 Metaspace       used 86678K, capacity 89115K, committed 89728K, reserved 1128448K
  class space    used 10340K, capacity 11354K, committed 11648K, reserved 1048576K
GC Heap History (20 events):
Event: 41339.963 GC heap after
{Heap after GC invocations=339 (full 0):
 garbage-first heap   total 89088K, used 42727K [0x00000000d1400000, 0x0000000100000000)
  region size 1024K, 1 young (1024K), 1 survivors (1024K)
 Metaspace       used 86674K, capacity 89115K, committed 89728K, reserved 1128448K
  class space    used 10340K, capacity 11354K, committed 11648K, reserved 1048576K
}
Event: 41339.971 GC heap before
{Heap before GC invocations=339 (full 0):
 garbage-first heap   total 89088K, used 45799K [0x00000000d1400000, 0x0000000100000000)
  region size 1024K, 4 young (4096K), 1 survivors (1024K)
 Metaspace       used 86674K, capacity 89115K, committed 89728K, reserved 1128448K
  class space    used 10340K, capacity 11354K, committed 11648K, reserved 1048576K
}
Event: 41339.977 GC heap after
{Heap after GC invocations=340 (full 0):
 garbage-first heap   total 89088K, used 37413K [0x00000000d1400000, 0x0000000100000000)
  region size 1024K, 1 young (1024K), 1 survivors (1024K)
 Metaspace       used 86674K, capacity 89115K, committed 89728K, reserved 1128448K
  class space    used 10340K, capacity 11354K, committed 11648K, reserved 1048576K
}
Event: 41339.981 GC heap before
{Heap before GC invocations=340 (full 0):
 garbage-first heap   total 89088K, used 40485K [0x00000000d1400000, 0x0000000100000000)
  region size 1024K, 4 young (4096K), 1 survivors (1024K)
 Metaspace       used 86674K, capacity 89115K, committed 89728K, reserved 1128448K
  class space    used 10340K, capacity 11354K, committed 11648K, reserved 1048576K
}
Event: 41339.985 GC heap after
{Heap after GC invocations=341 (full 0):
 garbage-first heap   total 89088K, used 37187K [0x00000000d1400000, 0x0000000100000000)
  region size 1024K, 1 young (1024K), 1 survivors (1024K)
 Metaspace       used 86674K, capacity 89115K, committed 89728K, reserved 1128448K
  class space    used 10340K, capacity 11354K, committed 11648K, reserved 1048576K
}
Event: 41340.018 GC heap before
{Heap before GC invocations=341 (full 0):
 garbage-first heap   total 89088K, used 70979K [0x00000000d1400000, 0x0000000100000000)
  region size 1024K, 34 young (34816K), 1 survivors (1024K)
 Metaspace       used 86678K, capacity 89115K, committed 89728K, reserved 1128448K
  class space    used 10340K, capacity 11354K, committed 11648K, reserved 1048576K
}
Event: 41340.020 GC heap after
{Heap after GC invocations=342 (full 0):
 garbage-first heap   total 89088K, used 37171K [0x00000000d1400000, 0x0000000100000000)
  region size 1024K, 1 young (1024K), 1 survivors (1024K)
 Metaspace       used 86678K, capacity 89115K, committed 89728K, reserved 1128448K
  class space    used 10340K, capacity 11354K, committed 11648K, reserved 1048576K
}
Event: 41340.063 GC heap before
{Heap before GC invocations=342 (full 0):
 garbage-first heap   total 89088K, used 71987K [0x00000000d1400000, 0x0000000100000000)
  region size 1024K, 35 young (35840K), 1 survivors (1024K)
 Metaspace       used 86678K, capacity 89115K, committed 89728K, reserved 1128448K
  class space    used 10340K, capacity 11354K, committed 11648K, reserved 1048576K
}
Event: 41340.064 GC heap after
{Heap after GC invocations=343 (full 0):
 garbage-first heap   total 89088K, used 37173K [0x00000000d1400000, 0x0000000100000000)
  region size 1024K, 1 young (1024K), 1 survivors (1024K)
 Metaspace       used 86678K, capacity 89115K, committed 89728K, reserved 1128448K
  class space    used 10340K, capacity 11354K, committed 11648K, reserved 1048576K
}
Event: 41340.116 GC heap before
{Heap before GC invocations=344 (full 0):
 garbage-first heap   total 89088K, used 73013K [0x00000000d1400000, 0x0000000100000000)
  region size 1024K, 36 young (36864K), 1 survivors (1024K)
 Metaspace       used 86678K, capacity 89115K, committed 89728K, reserved 1128448K
  class space    used 10340K, capacity 11354K, committed 11648K, reserved 1048576K
}
Event: 41340.118 GC heap after
{Heap after GC invocations=345 (full 0):
 garbage-first heap   total 89088K, used 37170K [0x00000000d1400000, 0x0000000100000000)
  region size 1024K, 1 young (1024K), 1 survivors (1024K)
 Metaspace       used 86678K, capacity 89115K, committed 89728K, reserved 1128448K
  class space    used 10340K, capacity 11354K, committed 11648K, reserved 1048576K
}
Event: 41340.121 GC heap before
{Heap before GC invocations=345 (full 0):
 garbage-first heap   total 89088K, used 40242K [0x00000000d1400000, 0x0000000100000000)
  region size 1024K, 4 young (4096K), 1 survivors (1024K)
 Metaspace       used 86678K, capacity 89115K, committed 89728K, reserved 1128448K
  class space    used 10340K, capacity 11354K, committed 11648K, reserved 1048576K
}
Event: 41340.124 GC heap after
{Heap after GC invocations=346 (full 0):
 garbage-first heap   total 89088K, used 36506K [0x00000000d1400000, 0x0000000100000000)
  region size 1024K, 1 young (1024K), 1 survivors (1024K)
 Metaspace       used 86678K, capacity 89115K, committed 89728K, reserved 1128448K
  class space    used 10340K, capacity 11354K, committed 11648K, reserved 1048576K
}
Event: 41340.160 GC heap before
{Heap before GC invocations=346 (full 0):
 garbage-first heap   total 89088K, used 73370K [0x00000000d1400000, 0x0000000100000000)
  region size 1024K, 37 young (37888K), 1 survivors (1024K)
 Metaspace       used 86678K, capacity 89115K, committed 89728K, reserved 1128448K
  class space    used 10340K, capacity 11354K, committed 11648K, reserved 1048576K
}
Event: 41340.162 GC heap after
{Heap after GC invocations=347 (full 0):
 garbage-first heap   total 89088K, used 36509K [0x00000000d1400000, 0x0000000100000000)
  region size 1024K, 1 young (1024K), 1 survivors (1024K)
 Metaspace       used 86678K, capacity 89115K, committed 89728K, reserved 1128448K
  class space    used 10340K, capacity 11354K, committed 11648K, reserved 1048576K
}
Event: 41340.223 GC heap before
{Heap before GC invocations=347 (full 0):
 garbage-first heap   total 89088K, used 74397K [0x00000000d1400000, 0x0000000100000000)
  region size 1024K, 38 young (38912K), 1 survivors (1024K)
 Metaspace       used 86678K, capacity 89115K, committed 89728K, reserved 1128448K
  class space    used 10340K, capacity 11354K, committed 11648K, reserved 1048576K
}
Event: 41340.225 GC heap after
{Heap after GC invocations=348 (full 0):
 garbage-first heap   total 89088K, used 36505K [0x00000000d1400000, 0x0000000100000000)
  region size 1024K, 1 young (1024K), 1 survivors (1024K)
 Metaspace       used 86678K, capacity 89115K, committed 89728K, reserved 1128448K
  class space    used 10340K, capacity 11354K, committed 11648K, reserved 1048576K
}
Event: 41340.274 GC heap before
{Heap before GC invocations=349 (full 0):
 garbage-first heap   total 89088K, used 74393K [0x00000000d1400000, 0x0000000100000000)
  region size 1024K, 38 young (38912K), 1 survivors (1024K)
 Metaspace       used 86678K, capacity 89115K, committed 89728K, reserved 1128448K
  class space    used 10340K, capacity 11354K, committed 11648K, reserved 1048576K
}
Event: 41340.275 GC heap after
{Heap after GC invocations=350 (full 0):
 garbage-first heap   total 89088K, used 36509K [0x00000000d1400000, 0x0000000100000000)
  region size 1024K, 1 young (1024K), 1 survivors (1024K)
 Metaspace       used 86678K, capacity 89115K, committed 89728K, reserved 1128448K
  class space    used 10340K, capacity 11354K, committed 11648K, reserved 1048576K
}
Event: 41340.313 GC heap before
{Heap before GC invocations=350 (full 0):
 garbage-first heap   total 89088K, used 75421K [0x00000000d1400000, 0x0000000100000000)
  region size 1024K, 39 young (39936K), 1 survivors (1024K)
 Metaspace       used 86678K, capacity 89115K, committed 89728K, reserved 1128448K
  class space    used 10340K, capacity 11354K, committed 11648K, reserved 1048576K
}

